<?xml version="1.0" encoding="UTF-8"?>
<!-- Generated by org.testng.reporters.JUnitReportReporter -->
<testsuite hostname="DESKTOP-FJBVH7F" failures="0" tests="2" name="TestCase.TS001_CarLoanTest" time="3.194" errors="0" timestamp="2024-11-05T17:38:31 IST" skipped="0">
  <testcase classname="TestCase.TS001_CarLoanTest" name="validate_carLoanPage" time="0.586"/>
  <testcase classname="TestCase.TS001_CarLoanTest" name="user_enteringValues_carLoan" time="2.608"/>
</testsuite> <!-- TestCase.TS001_CarLoanTest -->
