<?xml version="1.0" encoding="UTF-8"?>
<!-- Generated by org.testng.reporters.JUnitReportReporter -->
<testsuite hostname="DESKTOP-FJBVH7F" failures="0" tests="2" name="TestCase.TS004_UI_LoanAmountCalc" time="4.385" errors="0" timestamp="2024-11-05T17:38:31 IST" skipped="0">
  <testcase classname="TestCase.TS004_UI_LoanAmountCalc" name="validate_EMICalPage" time="0.762"/>
  <testcase classname="TestCase.TS004_UI_LoanAmountCalc" name="user_validate_Loan_Amount_Calculator_functionality" time="3.623"/>
</testsuite> <!-- TestCase.TS004_UI_LoanAmountCalc -->
