<?xml version="1.0" encoding="UTF-8"?>
<!-- Generated by org.testng.reporters.JUnitReportReporter -->
<testsuite hostname="DESKTOP-FJBVH7F" failures="0" tests="2" name="TestCase.TS005_UI_LoanTenureCalc" time="3.964" errors="0" timestamp="2024-11-05T17:38:31 IST" skipped="0">
  <testcase classname="TestCase.TS005_UI_LoanTenureCalc" name="validate_EMICalPage" time="0.647"/>
  <testcase classname="TestCase.TS005_UI_LoanTenureCalc" name="user_validate_Loan_Tenure_Calculator_functionality" time="3.317"/>
</testsuite> <!-- TestCase.TS005_UI_LoanTenureCalc -->
