<?xml version="1.0" encoding="UTF-8"?>
<!-- Generated by org.testng.reporters.JUnitReportReporter -->
<testsuite hostname="DESKTOP-FJBVH7F" failures="0" tests="2" name="TestCase.TS002_HomeLoanTest" time="4.079" errors="0" timestamp="2024-11-05T17:38:31 IST" skipped="0">
  <testcase classname="TestCase.TS002_HomeLoanTest" name="validate_HomeLoanPage" time="0.562"/>
  <testcase classname="TestCase.TS002_HomeLoanTest" name="homeloan" time="3.517"/>
</testsuite> <!-- TestCase.TS002_HomeLoanTest -->
